\BOOKMARK [0][]{chapter*.4}{Kurzfassung}{}% 1
\BOOKMARK [0][]{chapter*.5}{Abstract}{}% 2
\BOOKMARK [0][]{chapter*.6}{Abk\374rzungsverzeichnis}{}% 3
\BOOKMARK [0][]{chapter*.7}{Nomenklatur}{}% 4
\BOOKMARK [0][]{chapter.1}{Einleitung}{}% 5
\BOOKMARK [1][]{section.1.1}{Motivation}{chapter.1}% 6
\BOOKMARK [1][]{section.1.2}{Zielsetzung der Arbeit}{chapter.1}% 7
\BOOKMARK [0][]{chapter.2}{Grundlagen}{}% 8
\BOOKMARK [1][]{section.2.1}{Autonomes Fahren}{chapter.2}% 9
\BOOKMARK [2][]{subsection.2.1.1}{\334berblick Fahrerassistenzsysteme}{section.2.1}% 10
\BOOKMARK [2][]{subsection.2.1.2}{Autonomiestufen}{section.2.1}% 11
\BOOKMARK [1][]{section.2.2}{Bussysteme}{chapter.2}% 12
\BOOKMARK [2][]{subsection.2.2.1}{Kommunikationsmodell}{section.2.2}% 13
\BOOKMARK [2][]{subsection.2.2.2}{Controller Area Network CAN}{section.2.2}% 14
\BOOKMARK [2][]{subsection.2.2.3}{CAN-Protokoll: Physical Layer}{section.2.2}% 15
\BOOKMARK [2][]{subsection.2.2.4}{CAN-Protokoll: Data Link Layer}{section.2.2}% 16
\BOOKMARK [1][]{section.2.3}{Hilfsmittel}{chapter.2}% 17
\BOOKMARK [2][]{subsection.2.3.1}{Vector CANoe}{section.2.3}% 18
\BOOKMARK [2][]{subsection.2.3.2}{Vector CANcaseXL}{section.2.3}% 19
\BOOKMARK [0][]{chapter.3}{Ausgangssituation}{}% 20
\BOOKMARK [1][]{section.3.1}{Hardware}{chapter.3}% 21
\BOOKMARK [1][]{section.3.2}{Software}{chapter.3}% 22
\BOOKMARK [1][]{section.3.3}{Sensorik}{chapter.3}% 23
\BOOKMARK [0][]{chapter.4}{Diagnosesystem}{}% 24
\BOOKMARK [1][]{section.4.1}{Konzept der Fehlerdiagnose}{chapter.4}% 25
\BOOKMARK [2][]{subsection.4.1.1}{Anforderungen an die Fehlerdiagnose}{section.4.1}% 26
\BOOKMARK [1][]{section.4.2}{Aufbau einer Datenkommunikation auf CAN-Bus}{chapter.4}% 27
\BOOKMARK [1][]{section.4.3}{Implementierung der Diagnosefunktion}{chapter.4}% 28
\BOOKMARK [1][]{section.4.4}{Ergebnisbetrachtung}{chapter.4}% 29
\BOOKMARK [2][]{subsection.4.4.1}{Test und Validierung}{section.4.4}% 30
\BOOKMARK [2][]{subsection.4.4.2}{Mehrwert der Diagnosefunktion}{section.4.4}% 31
\BOOKMARK [0][]{chapter.5}{Dynamische L\344ngs- und Querregelung}{}% 32
\BOOKMARK [1][]{section.5.1}{Umsetzung des Fahralgorithmus}{chapter.5}% 33
\BOOKMARK [1][]{section.5.2}{Kritische Analyse der implementierten Algorithmen}{chapter.5}% 34
\BOOKMARK [1][]{section.5.3}{Optimierung der Regelung}{chapter.5}% 35
\BOOKMARK [1][]{section.5.4}{Implementierung der optimierten Spurregelung}{chapter.5}% 36
\BOOKMARK [1][]{section.5.5}{Ergebnisbetrachtung}{chapter.5}% 37
\BOOKMARK [2][]{subsection.5.5.1}{Test und Validierung}{section.5.5}% 38
\BOOKMARK [2][]{subsection.5.5.2}{Mehrwert der optimierten Spurregelung}{section.5.5}% 39
\BOOKMARK [0][]{chapter.6}{Zusammenfassung und Ausblick}{}% 40
\BOOKMARK [1][]{section.6.1}{Zusammenfassung}{chapter.6}% 41
\BOOKMARK [1][]{section.6.2}{Ausblick}{chapter.6}% 42
\BOOKMARK [0][]{chapter*.9}{Tabellenverzeichnis}{}% 43
\BOOKMARK [0][]{chapter*.10}{Abbildungsverzeichnis}{}% 44
\BOOKMARK [0][]{chapter*.11}{Literaturverzeichnis}{}% 45
\BOOKMARK [0][]{appendix.A}{Anhang}{}% 46
\BOOKMARK [1][]{section.A.1}{Anhang 1}{appendix.A}% 47
\BOOKMARK [1][]{section.A.2}{Anhang 2}{appendix.A}% 48
